2019-03-08 17:02:31.507 [ main ] - [ INFO  ] [ s.t.ftpfolderweb.FtpfolderwebApplicationTests : 50 ] - Starting FtpfolderwebApplicationTests on ZHAOHONGNING with PID 11988 (started by HUHU in E:\ideafolder\ftpfolderweb)
2019-03-08 17:02:31.522 [ main ] - [ DEBUG ] [ s.t.ftpfolderweb.FtpfolderwebApplicationTests : 53 ] - Running with Spring Boot v2.1.3.RELEASE, Spring v5.1.5.RELEASE
2019-03-08 17:02:31.525 [ main ] - [ INFO  ] [ s.t.ftpfolderweb.FtpfolderwebApplicationTests : 675 ] - No active profile set, falling back to default profiles: default
2019-03-08 17:02:34.494 [ main ] - [ DEBUG ] [ shenzhen.teamway.utils.PropertiesUtils : 40 ] - 读取属性文件，path/F:\aa
2019-03-08 17:02:36.572 [ main ] - [ INFO  ] [ s.t.ftpfolderweb.FtpfolderwebApplicationTests : 59 ] - Started FtpfolderwebApplicationTests in 5.632 seconds (JVM running for 7.291)
2019-03-08 17:02:36.574 [ main ] - [ INFO  ] [ shenzhen.teamway.nettyTcp.NettyClient : 31 ] - 开始连接平台:192.168.200.239:6666
2019-03-08 17:02:36.950 [ nioEventLoopGroup-0-0 ] - [ INFO  ] [ shenzhen.teamway.nettyTcp.NettyClient : 43 ] - 连接通道建立。
2019-03-08 17:02:36.972 [ nioEventLoopGroup-0-0 ] - [ INFO  ] [ shenzhen.teamway.nettyTcp.ConnectionLinster : 36 ] - 连接成功
2019-03-08 17:02:36.973 [ nioEventLoopGroup-0-0 ] - [ DEBUG ] [ shenzhen.teamway.utils.PropertiesUtils : 40 ] - 读取属性文件，path/F:\aa
2019-03-08 17:02:36.982 [ main ] - [ INFO  ] [ shenzhen.teamway.nettyTcp.NettyClient : 68 ] - 连接平台[192.168.200.239:6666]完成
2019-03-08 17:02:38.481 [ main ] - [ DEBUG ] [ shenzhen.teamway.mapper.FacedelectMapper.insert : 159 ] - ==>  Preparing: insert into facedelect (filepath, result, up, facetime) values (?, ?, ?, ?) 
2019-03-08 17:02:38.502 [ main ] - [ DEBUG ] [ shenzhen.teamway.mapper.FacedelectMapper.insert : 159 ] - ==> Parameters: asdfsdagfdsgfdsgsgsgsg(String), ojbk(String), null, null
2019-03-08 17:02:38.530 [ main ] - [ DEBUG ] [ shenzhen.teamway.mapper.FacedelectMapper.insert : 159 ] - <==    Updates: 1
2019-03-08 17:02:38.533 [ main ] - [ DEBUG ] [ s.teamway.mapper.FacedelectMapper.insert!selectKey : 159 ] - ==>  Preparing: SELECT LAST_INSERT_ID() 
2019-03-08 17:02:38.533 [ main ] - [ DEBUG ] [ s.teamway.mapper.FacedelectMapper.insert!selectKey : 159 ] - ==> Parameters: 
2019-03-08 17:02:38.546 [ main ] - [ DEBUG ] [ s.teamway.mapper.FacedelectMapper.insert!selectKey : 159 ] - <==      Total: 1
2019-03-08 17:04:38.619 [ main ] - [ INFO  ] [ s.t.ftpfolderweb.FtpfolderwebApplicationTests : 50 ] - Starting FtpfolderwebApplicationTests on ZHAOHONGNING with PID 12716 (started by HUHU in E:\ideafolder\ftpfolderweb)
2019-03-08 17:04:38.620 [ main ] - [ DEBUG ] [ s.t.ftpfolderweb.FtpfolderwebApplicationTests : 53 ] - Running with Spring Boot v2.1.3.RELEASE, Spring v5.1.5.RELEASE
2019-03-08 17:04:38.620 [ main ] - [ INFO  ] [ s.t.ftpfolderweb.FtpfolderwebApplicationTests : 675 ] - No active profile set, falling back to default profiles: default
2019-03-08 17:04:40.571 [ main ] - [ DEBUG ] [ shenzhen.teamway.utils.PropertiesUtils : 40 ] - 读取属性文件，path/F:\aa
2019-03-08 17:04:42.104 [ main ] - [ INFO  ] [ s.t.ftpfolderweb.FtpfolderwebApplicationTests : 59 ] - Started FtpfolderwebApplicationTests in 3.935 seconds (JVM running for 5.63)
2019-03-08 17:04:42.106 [ main ] - [ INFO  ] [ shenzhen.teamway.nettyTcp.NettyClient : 31 ] - 开始连接平台:192.168.200.239:6666
2019-03-08 17:04:42.466 [ nioEventLoopGroup-0-0 ] - [ INFO  ] [ shenzhen.teamway.nettyTcp.NettyClient : 43 ] - 连接通道建立。
2019-03-08 17:04:42.481 [ nioEventLoopGroup-0-0 ] - [ INFO  ] [ shenzhen.teamway.nettyTcp.ConnectionLinster : 36 ] - 连接成功
2019-03-08 17:04:42.482 [ nioEventLoopGroup-0-0 ] - [ DEBUG ] [ shenzhen.teamway.utils.PropertiesUtils : 40 ] - 读取属性文件，path/F:\aa
2019-03-08 17:04:42.483 [ main ] - [ INFO  ] [ shenzhen.teamway.nettyTcp.NettyClient : 68 ] - 连接平台[192.168.200.239:6666]完成
2019-03-08 17:04:43.214 [ main ] - [ DEBUG ] [ shenzhen.teamway.mapper.FacedelectMapper.insert : 159 ] - ==>  Preparing: insert into facedelect (filepath, result, up, facetime) values (?, ?, ?, ?) 
2019-03-08 17:04:43.240 [ main ] - [ DEBUG ] [ shenzhen.teamway.mapper.FacedelectMapper.insert : 159 ] - ==> Parameters: asdfsdagfdsgfdsgsgsgsg(String), ojbk(String), null, null
2019-03-08 17:04:43.273 [ main ] - [ DEBUG ] [ shenzhen.teamway.mapper.FacedelectMapper.insert : 159 ] - <==    Updates: 1
2019-03-08 17:04:43.275 [ main ] - [ DEBUG ] [ s.teamway.mapper.FacedelectMapper.insert!selectKey : 159 ] - ==>  Preparing: SELECT LAST_INSERT_ID() 
2019-03-08 17:04:43.276 [ main ] - [ DEBUG ] [ s.teamway.mapper.FacedelectMapper.insert!selectKey : 159 ] - ==> Parameters: 
2019-03-08 17:04:43.290 [ main ] - [ DEBUG ] [ s.teamway.mapper.FacedelectMapper.insert!selectKey : 159 ] - <==      Total: 1
2019-03-08 17:05:45.280 [ main ] - [ INFO  ] [ s.t.ftpfolderweb.FtpfolderwebApplicationTests : 50 ] - Starting FtpfolderwebApplicationTests on ZHAOHONGNING with PID 3008 (started by HUHU in E:\ideafolder\ftpfolderweb)
2019-03-08 17:05:45.283 [ main ] - [ DEBUG ] [ s.t.ftpfolderweb.FtpfolderwebApplicationTests : 53 ] - Running with Spring Boot v2.1.3.RELEASE, Spring v5.1.5.RELEASE
2019-03-08 17:05:45.284 [ main ] - [ INFO  ] [ s.t.ftpfolderweb.FtpfolderwebApplicationTests : 675 ] - No active profile set, falling back to default profiles: default
2019-03-08 17:05:47.461 [ main ] - [ DEBUG ] [ shenzhen.teamway.utils.PropertiesUtils : 40 ] - 读取属性文件，path/F:\aa
2019-03-08 17:05:49.096 [ main ] - [ INFO  ] [ s.t.ftpfolderweb.FtpfolderwebApplicationTests : 59 ] - Started FtpfolderwebApplicationTests in 4.307 seconds (JVM running for 6.36)
2019-03-08 17:05:49.097 [ main ] - [ INFO  ] [ shenzhen.teamway.nettyTcp.NettyClient : 31 ] - 开始连接平台:192.168.200.239:6666
2019-03-08 17:05:49.474 [ nioEventLoopGroup-0-0 ] - [ INFO  ] [ shenzhen.teamway.nettyTcp.NettyClient : 43 ] - 连接通道建立。
2019-03-08 17:05:49.491 [ nioEventLoopGroup-0-0 ] - [ INFO  ] [ shenzhen.teamway.nettyTcp.ConnectionLinster : 36 ] - 连接成功
2019-03-08 17:05:49.492 [ nioEventLoopGroup-0-0 ] - [ DEBUG ] [ shenzhen.teamway.utils.PropertiesUtils : 40 ] - 读取属性文件，path/F:\aa
2019-03-08 17:05:49.494 [ main ] - [ INFO  ] [ shenzhen.teamway.nettyTcp.NettyClient : 68 ] - 连接平台[192.168.200.239:6666]完成
2019-03-08 17:05:50.132 [ main ] - [ DEBUG ] [ shenzhen.teamway.mapper.FacedelectMapper.insert : 159 ] - ==>  Preparing: insert into facedelect (filepath, result, up, facetime) values (?, ?, ?, ?) 
2019-03-08 17:05:50.155 [ main ] - [ DEBUG ] [ shenzhen.teamway.mapper.FacedelectMapper.insert : 159 ] - ==> Parameters: asdfsdagfdsgfdsgsgsgsg(String), ojbk(String), null, null
2019-03-08 17:05:50.185 [ main ] - [ DEBUG ] [ shenzhen.teamway.mapper.FacedelectMapper.insert : 159 ] - <==    Updates: 1
2019-03-08 17:05:50.187 [ main ] - [ DEBUG ] [ s.teamway.mapper.FacedelectMapper.insert!selectKey : 159 ] - ==>  Preparing: SELECT LAST_INSERT_ID() 
2019-03-08 17:05:50.188 [ main ] - [ DEBUG ] [ s.teamway.mapper.FacedelectMapper.insert!selectKey : 159 ] - ==> Parameters: 
2019-03-08 17:05:50.202 [ main ] - [ DEBUG ] [ s.teamway.mapper.FacedelectMapper.insert!selectKey : 159 ] - <==      Total: 1
2019-03-08 17:06:28.482 [ main ] - [ INFO  ] [ s.t.ftpfolderweb.FtpfolderwebApplicationTests : 50 ] - Starting FtpfolderwebApplicationTests on ZHAOHONGNING with PID 10420 (started by HUHU in E:\ideafolder\ftpfolderweb)
2019-03-08 17:06:28.485 [ main ] - [ DEBUG ] [ s.t.ftpfolderweb.FtpfolderwebApplicationTests : 53 ] - Running with Spring Boot v2.1.3.RELEASE, Spring v5.1.5.RELEASE
2019-03-08 17:06:28.485 [ main ] - [ INFO  ] [ s.t.ftpfolderweb.FtpfolderwebApplicationTests : 675 ] - No active profile set, falling back to default profiles: default
2019-03-08 17:06:30.820 [ main ] - [ DEBUG ] [ shenzhen.teamway.utils.PropertiesUtils : 40 ] - 读取属性文件，path/F:\aa
2019-03-08 17:06:32.453 [ main ] - [ INFO  ] [ s.t.ftpfolderweb.FtpfolderwebApplicationTests : 59 ] - Started FtpfolderwebApplicationTests in 4.528 seconds (JVM running for 6.332)
2019-03-08 17:06:32.456 [ main ] - [ INFO  ] [ shenzhen.teamway.nettyTcp.NettyClient : 31 ] - 开始连接平台:192.168.200.239:6666
2019-03-08 17:06:32.886 [ nioEventLoopGroup-0-0 ] - [ INFO  ] [ shenzhen.teamway.nettyTcp.NettyClient : 43 ] - 连接通道建立。
2019-03-08 17:06:32.902 [ nioEventLoopGroup-0-0 ] - [ INFO  ] [ shenzhen.teamway.nettyTcp.ConnectionLinster : 36 ] - 连接成功
2019-03-08 17:06:32.903 [ nioEventLoopGroup-0-0 ] - [ DEBUG ] [ shenzhen.teamway.utils.PropertiesUtils : 40 ] - 读取属性文件，path/F:\aa
2019-03-08 17:06:32.902 [ main ] - [ INFO  ] [ shenzhen.teamway.nettyTcp.NettyClient : 68 ] - 连接平台[192.168.200.239:6666]完成
2019-03-08 17:06:33.729 [ main ] - [ DEBUG ] [ shenzhen.teamway.mapper.FacedelectMapper.insert : 159 ] - ==>  Preparing: insert into facedelect (filepath, result, up, facetime) values (?, ?, ?, ?) 
2019-03-08 17:06:33.756 [ main ] - [ DEBUG ] [ shenzhen.teamway.mapper.FacedelectMapper.insert : 159 ] - ==> Parameters: asdfsdagfdsgfdsgsgsgsg(String), ojbk(String), null, null
2019-03-08 17:06:33.793 [ main ] - [ DEBUG ] [ shenzhen.teamway.mapper.FacedelectMapper.insert : 159 ] - <==    Updates: 1
2019-03-08 17:06:33.795 [ main ] - [ DEBUG ] [ s.teamway.mapper.FacedelectMapper.insert!selectKey : 159 ] - ==>  Preparing: SELECT LAST_INSERT_ID() 
2019-03-08 17:06:33.796 [ main ] - [ DEBUG ] [ s.teamway.mapper.FacedelectMapper.insert!selectKey : 159 ] - ==> Parameters: 
2019-03-08 17:06:33.811 [ main ] - [ DEBUG ] [ s.teamway.mapper.FacedelectMapper.insert!selectKey : 159 ] - <==      Total: 1
2019-03-08 17:07:31.635 [ main ] - [ INFO  ] [ s.t.ftpfolderweb.FtpfolderwebApplicationTests : 50 ] - Starting FtpfolderwebApplicationTests on ZHAOHONGNING with PID 14996 (started by HUHU in E:\ideafolder\ftpfolderweb)
2019-03-08 17:07:31.637 [ main ] - [ DEBUG ] [ s.t.ftpfolderweb.FtpfolderwebApplicationTests : 53 ] - Running with Spring Boot v2.1.3.RELEASE, Spring v5.1.5.RELEASE
2019-03-08 17:07:31.638 [ main ] - [ INFO  ] [ s.t.ftpfolderweb.FtpfolderwebApplicationTests : 675 ] - No active profile set, falling back to default profiles: default
2019-03-08 17:07:33.759 [ main ] - [ DEBUG ] [ shenzhen.teamway.utils.PropertiesUtils : 40 ] - 读取属性文件，path/F:\aa
2019-03-08 17:07:35.413 [ main ] - [ INFO  ] [ s.t.ftpfolderweb.FtpfolderwebApplicationTests : 59 ] - Started FtpfolderwebApplicationTests in 4.268 seconds (JVM running for 6.416)
2019-03-08 17:07:35.414 [ main ] - [ INFO  ] [ shenzhen.teamway.nettyTcp.NettyClient : 31 ] - 开始连接平台:192.168.200.239:6666
2019-03-08 17:07:35.863 [ nioEventLoopGroup-0-0 ] - [ INFO  ] [ shenzhen.teamway.nettyTcp.NettyClient : 43 ] - 连接通道建立。
2019-03-08 17:07:35.879 [ nioEventLoopGroup-0-0 ] - [ INFO  ] [ shenzhen.teamway.nettyTcp.ConnectionLinster : 36 ] - 连接成功
2019-03-08 17:07:35.880 [ nioEventLoopGroup-0-0 ] - [ DEBUG ] [ shenzhen.teamway.utils.PropertiesUtils : 40 ] - 读取属性文件，path/F:\aa
2019-03-08 17:07:35.882 [ main ] - [ INFO  ] [ shenzhen.teamway.nettyTcp.NettyClient : 68 ] - 连接平台[192.168.200.239:6666]完成
2019-03-08 17:07:36.581 [ main ] - [ DEBUG ] [ shenzhen.teamway.mapper.FacedelectMapper.insert : 159 ] - ==>  Preparing: insert into facedelect (filepath, result, up, facetime) values (?, ?, ?, ?) 
2019-03-08 17:07:36.603 [ main ] - [ DEBUG ] [ shenzhen.teamway.mapper.FacedelectMapper.insert : 159 ] - ==> Parameters: asdfsdagfdsgfdsgsgsgsg(String), ojbk(String), null, null
2019-03-08 17:07:36.636 [ main ] - [ DEBUG ] [ shenzhen.teamway.mapper.FacedelectMapper.insert : 159 ] - <==    Updates: 1
2019-03-08 17:10:10.438 [ main ] - [ INFO  ] [ s.t.ftpfolderweb.FtpfolderwebApplicationTests : 50 ] - Starting FtpfolderwebApplicationTests on ZHAOHONGNING with PID 7764 (started by HUHU in E:\ideafolder\ftpfolderweb)
2019-03-08 17:10:10.454 [ main ] - [ DEBUG ] [ s.t.ftpfolderweb.FtpfolderwebApplicationTests : 53 ] - Running with Spring Boot v2.1.3.RELEASE, Spring v5.1.5.RELEASE
2019-03-08 17:10:10.455 [ main ] - [ INFO  ] [ s.t.ftpfolderweb.FtpfolderwebApplicationTests : 675 ] - No active profile set, falling back to default profiles: default
2019-03-08 17:10:12.461 [ main ] - [ DEBUG ] [ shenzhen.teamway.utils.PropertiesUtils : 40 ] - 读取属性文件，path/F:\aa
2019-03-08 17:10:13.923 [ main ] - [ INFO  ] [ s.t.ftpfolderweb.FtpfolderwebApplicationTests : 59 ] - Started FtpfolderwebApplicationTests in 4.168 seconds (JVM running for 5.598)
2019-03-08 17:10:13.925 [ main ] - [ INFO  ] [ shenzhen.teamway.nettyTcp.NettyClient : 31 ] - 开始连接平台:192.168.200.239:6666
2019-03-08 17:10:14.287 [ nioEventLoopGroup-0-0 ] - [ INFO  ] [ shenzhen.teamway.nettyTcp.NettyClient : 43 ] - 连接通道建立。
2019-03-08 17:10:14.302 [ nioEventLoopGroup-0-0 ] - [ INFO  ] [ shenzhen.teamway.nettyTcp.ConnectionLinster : 36 ] - 连接成功
2019-03-08 17:10:14.303 [ nioEventLoopGroup-0-0 ] - [ DEBUG ] [ shenzhen.teamway.utils.PropertiesUtils : 40 ] - 读取属性文件，path/F:\aa
2019-03-08 17:10:14.305 [ main ] - [ INFO  ] [ shenzhen.teamway.nettyTcp.NettyClient : 68 ] - 连接平台[192.168.200.239:6666]完成
2019-03-08 17:10:14.987 [ main ] - [ DEBUG ] [ shenzhen.teamway.mapper.FacedelectMapper.insert : 159 ] - ==>  Preparing: insert into facedelect (filepath, result, up, facetime) values (?, ?, ?, ?) 
2019-03-08 17:10:15.014 [ main ] - [ DEBUG ] [ shenzhen.teamway.mapper.FacedelectMapper.insert : 159 ] - ==> Parameters: asdfsdagfdsgfdsgsgsgsg(String), ojbk(String), null, null
2019-03-08 17:10:15.050 [ main ] - [ DEBUG ] [ shenzhen.teamway.mapper.FacedelectMapper.insert : 159 ] - <==    Updates: 1
2019-03-08 17:12:53.260 [ main ] - [ INFO  ] [ s.t.ftpfolderweb.FtpfolderwebApplicationTests : 50 ] - Starting FtpfolderwebApplicationTests on ZHAOHONGNING with PID 5808 (started by HUHU in E:\ideafolder\ftpfolderweb)
2019-03-08 17:12:53.263 [ main ] - [ DEBUG ] [ s.t.ftpfolderweb.FtpfolderwebApplicationTests : 53 ] - Running with Spring Boot v2.1.3.RELEASE, Spring v5.1.5.RELEASE
2019-03-08 17:12:53.264 [ main ] - [ INFO  ] [ s.t.ftpfolderweb.FtpfolderwebApplicationTests : 675 ] - No active profile set, falling back to default profiles: default
2019-03-08 17:12:55.480 [ main ] - [ DEBUG ] [ shenzhen.teamway.utils.PropertiesUtils : 40 ] - 读取属性文件，path/F:\aa
2019-03-08 17:12:57.102 [ main ] - [ INFO  ] [ s.t.ftpfolderweb.FtpfolderwebApplicationTests : 59 ] - Started FtpfolderwebApplicationTests in 4.235 seconds (JVM running for 6.034)
2019-03-08 17:12:57.105 [ main ] - [ INFO  ] [ shenzhen.teamway.nettyTcp.NettyClient : 31 ] - 开始连接平台:192.168.200.239:6666
2019-03-08 17:12:57.560 [ nioEventLoopGroup-0-0 ] - [ INFO  ] [ shenzhen.teamway.nettyTcp.NettyClient : 43 ] - 连接通道建立。
2019-03-08 17:12:57.577 [ nioEventLoopGroup-0-0 ] - [ INFO  ] [ shenzhen.teamway.nettyTcp.ConnectionLinster : 36 ] - 连接成功
2019-03-08 17:12:57.578 [ nioEventLoopGroup-0-0 ] - [ DEBUG ] [ shenzhen.teamway.utils.PropertiesUtils : 40 ] - 读取属性文件，path/F:\aa
2019-03-08 17:12:57.580 [ main ] - [ INFO  ] [ shenzhen.teamway.nettyTcp.NettyClient : 68 ] - 连接平台[192.168.200.239:6666]完成
2019-03-08 17:12:58.239 [ main ] - [ DEBUG ] [ shenzhen.teamway.mapper.FacedelectMapper.insert : 159 ] - ==>  Preparing: insert into facedelect (filepath, result, up, facetime) values (?, ?, ?, ?) 
2019-03-08 17:12:58.272 [ main ] - [ DEBUG ] [ shenzhen.teamway.mapper.FacedelectMapper.insert : 159 ] - ==> Parameters: asdfsdagfdsgfdsgsgsgsg(String), ojbk(String), null, null
2019-03-08 17:12:58.308 [ main ] - [ DEBUG ] [ shenzhen.teamway.mapper.FacedelectMapper.insert : 159 ] - <==    Updates: 1
