2019-02-25 17:01:58.800 [ main ] - [ INFO  ] [ shenzhen.teamway.FtpfolderwebApplication : 50 ] - Starting FtpfolderwebApplication on ZHAOHONGNING with PID 7012 (E:\ideafolder\ftpfolderweb\target\classes started by HUHU in E:\ideafolder\ftpfolderweb)
2019-02-25 17:01:58.802 [ main ] - [ DEBUG ] [ shenzhen.teamway.FtpfolderwebApplication : 53 ] - Running with Spring Boot v2.1.3.RELEASE, Spring v5.1.5.RELEASE
2019-02-25 17:01:58.803 [ main ] - [ INFO  ] [ shenzhen.teamway.FtpfolderwebApplication : 675 ] - No active profile set, falling back to default profiles: default
2019-02-25 17:03:11.223 [ main ] - [ INFO  ] [ shenzhen.teamway.FtpfolderwebApplication : 50 ] - Starting FtpfolderwebApplication on ZHAOHONGNING with PID 19492 (E:\ideafolder\ftpfolderweb\target\classes started by HUHU in E:\ideafolder\ftpfolderweb)
2019-02-25 17:03:11.226 [ main ] - [ DEBUG ] [ shenzhen.teamway.FtpfolderwebApplication : 53 ] - Running with Spring Boot v2.1.3.RELEASE, Spring v5.1.5.RELEASE
2019-02-25 17:03:11.227 [ main ] - [ INFO  ] [ shenzhen.teamway.FtpfolderwebApplication : 675 ] - No active profile set, falling back to default profiles: default
2019-02-25 17:03:38.850 [ main ] - [ INFO  ] [ shenzhen.teamway.FtpfolderwebApplication : 50 ] - Starting FtpfolderwebApplication on ZHAOHONGNING with PID 16716 (E:\ideafolder\ftpfolderweb\target\classes started by HUHU in E:\ideafolder\ftpfolderweb)
2019-02-25 17:03:38.853 [ main ] - [ DEBUG ] [ shenzhen.teamway.FtpfolderwebApplication : 53 ] - Running with Spring Boot v2.1.3.RELEASE, Spring v5.1.5.RELEASE
2019-02-25 17:03:38.854 [ main ] - [ INFO  ] [ shenzhen.teamway.FtpfolderwebApplication : 675 ] - No active profile set, falling back to default profiles: default
2019-02-25 17:05:27.024 [ main ] - [ INFO  ] [ shenzhen.teamway.FtpfolderwebApplication : 50 ] - Starting FtpfolderwebApplication on ZHAOHONGNING with PID 21304 (E:\ideafolder\ftpfolderweb\target\classes started by HUHU in E:\ideafolder\ftpfolderweb)
2019-02-25 17:05:27.026 [ main ] - [ DEBUG ] [ shenzhen.teamway.FtpfolderwebApplication : 53 ] - Running with Spring Boot v2.1.3.RELEASE, Spring v5.1.5.RELEASE
2019-02-25 17:05:27.027 [ main ] - [ INFO  ] [ shenzhen.teamway.FtpfolderwebApplication : 675 ] - No active profile set, falling back to default profiles: default
2019-02-25 17:21:52.852 [ main ] - [ INFO  ] [ shenzhen.teamway.FtpfolderwebApplication : 50 ] - Starting FtpfolderwebApplication on ZHAOHONGNING with PID 15716 (E:\ideafolder\ftpfolderweb\target\classes started by HUHU in E:\ideafolder\ftpfolderweb)
2019-02-25 17:21:52.911 [ main ] - [ DEBUG ] [ shenzhen.teamway.FtpfolderwebApplication : 53 ] - Running with Spring Boot v2.1.3.RELEASE, Spring v5.1.5.RELEASE
2019-02-25 17:21:52.948 [ main ] - [ INFO  ] [ shenzhen.teamway.FtpfolderwebApplication : 675 ] - No active profile set, falling back to default profiles: default
2019-02-25 17:25:27.114 [ main ] - [ INFO  ] [ shenzhen.teamway.FtpfolderwebApplication : 50 ] - Starting FtpfolderwebApplication on ZHAOHONGNING with PID 20812 (E:\ideafolder\ftpfolderweb\target\classes started by HUHU in E:\ideafolder\ftpfolderweb)
2019-02-25 17:25:27.125 [ main ] - [ DEBUG ] [ shenzhen.teamway.FtpfolderwebApplication : 53 ] - Running with Spring Boot v2.1.3.RELEASE, Spring v5.1.5.RELEASE
2019-02-25 17:25:27.125 [ main ] - [ INFO  ] [ shenzhen.teamway.FtpfolderwebApplication : 675 ] - No active profile set, falling back to default profiles: default
2019-02-25 17:25:37.314 [ main ] - [ INFO  ] [ shenzhen.teamway.FtpfolderwebApplication : 50 ] - Starting FtpfolderwebApplication on ZHAOHONGNING with PID 8036 (E:\ideafolder\ftpfolderweb\target\classes started by HUHU in E:\ideafolder\ftpfolderweb)
2019-02-25 17:25:37.317 [ main ] - [ DEBUG ] [ shenzhen.teamway.FtpfolderwebApplication : 53 ] - Running with Spring Boot v2.1.3.RELEASE, Spring v5.1.5.RELEASE
2019-02-25 17:25:37.318 [ main ] - [ INFO  ] [ shenzhen.teamway.FtpfolderwebApplication : 675 ] - No active profile set, falling back to default profiles: default
2019-02-25 17:27:50.691 [ main ] - [ INFO  ] [ shenzhen.teamway.FtpfolderwebApplication : 50 ] - Starting FtpfolderwebApplication on ZHAOHONGNING with PID 20460 (E:\ideafolder\ftpfolderweb\target\classes started by HUHU in E:\ideafolder\ftpfolderweb)
2019-02-25 17:27:50.694 [ main ] - [ DEBUG ] [ shenzhen.teamway.FtpfolderwebApplication : 53 ] - Running with Spring Boot v2.1.3.RELEASE, Spring v5.1.5.RELEASE
2019-02-25 17:27:50.695 [ main ] - [ INFO  ] [ shenzhen.teamway.FtpfolderwebApplication : 675 ] - No active profile set, falling back to default profiles: default
2019-02-25 17:27:52.119 [ main ] - [ DEBUG ] [ shenzhen.teamway.utils.PropertiesUtils : 40 ] - 读取属性文件，path/F:\aa
2019-02-25 17:28:02.397 [ main ] - [ INFO  ] [ shenzhen.teamway.FtpfolderwebApplication : 50 ] - Starting FtpfolderwebApplication on ZHAOHONGNING with PID 8564 (E:\ideafolder\ftpfolderweb\target\classes started by HUHU in E:\ideafolder\ftpfolderweb)
2019-02-25 17:28:02.401 [ main ] - [ DEBUG ] [ shenzhen.teamway.FtpfolderwebApplication : 53 ] - Running with Spring Boot v2.1.3.RELEASE, Spring v5.1.5.RELEASE
2019-02-25 17:28:02.401 [ main ] - [ INFO  ] [ shenzhen.teamway.FtpfolderwebApplication : 675 ] - No active profile set, falling back to default profiles: default
2019-02-25 17:29:05.208 [ main ] - [ DEBUG ] [ shenzhen.teamway.utils.PropertiesUtils : 40 ] - 读取属性文件，path/F:\aa
2019-02-25 17:42:14.363 [ main ] - [ INFO  ] [ shenzhen.teamway.FtpfolderwebApplication : 50 ] - Starting FtpfolderwebApplication on ZHAOHONGNING with PID 2248 (E:\ideafolder\ftpfolderweb\target\classes started by HUHU in E:\ideafolder\ftpfolderweb)
2019-02-25 17:42:14.367 [ main ] - [ DEBUG ] [ shenzhen.teamway.FtpfolderwebApplication : 53 ] - Running with Spring Boot v2.1.3.RELEASE, Spring v5.1.5.RELEASE
2019-02-25 17:42:14.367 [ main ] - [ INFO  ] [ shenzhen.teamway.FtpfolderwebApplication : 675 ] - No active profile set, falling back to default profiles: default
2019-02-25 17:42:15.869 [ main ] - [ DEBUG ] [ shenzhen.teamway.utils.PropertiesUtils : 40 ] - 读取属性文件，path/F:\aa
2019-02-25 17:42:28.017 [ main ] - [ INFO  ] [ shenzhen.teamway.FtpfolderwebApplication : 50 ] - Starting FtpfolderwebApplication on ZHAOHONGNING with PID 10008 (E:\ideafolder\ftpfolderweb\target\classes started by HUHU in E:\ideafolder\ftpfolderweb)
2019-02-25 17:42:28.020 [ main ] - [ DEBUG ] [ shenzhen.teamway.FtpfolderwebApplication : 53 ] - Running with Spring Boot v2.1.3.RELEASE, Spring v5.1.5.RELEASE
2019-02-25 17:42:28.021 [ main ] - [ INFO  ] [ shenzhen.teamway.FtpfolderwebApplication : 675 ] - No active profile set, falling back to default profiles: default
2019-02-25 17:43:29.194 [ main ] - [ DEBUG ] [ shenzhen.teamway.utils.PropertiesUtils : 40 ] - 读取属性文件，path/F:\aa
2019-02-25 17:47:34.740 [ main ] - [ INFO  ] [ shenzhen.teamway.FtpfolderwebApplication : 50 ] - Starting FtpfolderwebApplication on ZHAOHONGNING with PID 18628 (E:\ideafolder\ftpfolderweb\target\classes started by HUHU in E:\ideafolder\ftpfolderweb)
2019-02-25 17:47:34.750 [ main ] - [ DEBUG ] [ shenzhen.teamway.FtpfolderwebApplication : 53 ] - Running with Spring Boot v2.1.3.RELEASE, Spring v5.1.5.RELEASE
2019-02-25 17:47:34.751 [ main ] - [ INFO  ] [ shenzhen.teamway.FtpfolderwebApplication : 675 ] - No active profile set, falling back to default profiles: default
2019-02-25 17:47:36.189 [ main ] - [ DEBUG ] [ shenzhen.teamway.utils.PropertiesUtils : 40 ] - 读取属性文件，path/F:\aa
2019-02-25 17:48:38.768 [ main ] - [ INFO  ] [ shenzhen.teamway.FtpfolderwebApplication : 50 ] - Starting FtpfolderwebApplication on ZHAOHONGNING with PID 6140 (E:\ideafolder\ftpfolderweb\target\classes started by HUHU in E:\ideafolder\ftpfolderweb)
2019-02-25 17:48:38.771 [ main ] - [ DEBUG ] [ shenzhen.teamway.FtpfolderwebApplication : 53 ] - Running with Spring Boot v2.1.3.RELEASE, Spring v5.1.5.RELEASE
2019-02-25 17:48:38.772 [ main ] - [ INFO  ] [ shenzhen.teamway.FtpfolderwebApplication : 675 ] - No active profile set, falling back to default profiles: default
2019-02-25 17:48:40.060 [ main ] - [ DEBUG ] [ shenzhen.teamway.utils.PropertiesUtils : 40 ] - 读取属性文件，path/F:\aa
2019-02-25 17:48:40.918 [ main ] - [ INFO  ] [ shenzhen.teamway.FtpfolderwebApplication : 59 ] - Started FtpfolderwebApplication in 2.579 seconds (JVM running for 3.492)
2019-02-25 17:48:53.410 [ main ] - [ INFO  ] [ shenzhen.teamway.FtpfolderwebApplication : 50 ] - Starting FtpfolderwebApplication on ZHAOHONGNING with PID 10852 (E:\ideafolder\ftpfolderweb\target\classes started by HUHU in E:\ideafolder\ftpfolderweb)
2019-02-25 17:48:53.413 [ main ] - [ DEBUG ] [ shenzhen.teamway.FtpfolderwebApplication : 53 ] - Running with Spring Boot v2.1.3.RELEASE, Spring v5.1.5.RELEASE
2019-02-25 17:48:53.413 [ main ] - [ INFO  ] [ shenzhen.teamway.FtpfolderwebApplication : 675 ] - No active profile set, falling back to default profiles: default
2019-02-25 17:48:54.876 [ main ] - [ DEBUG ] [ shenzhen.teamway.utils.PropertiesUtils : 40 ] - 读取属性文件，path/F:\aa
2019-02-25 17:48:55.512 [ main ] - [ INFO  ] [ shenzhen.teamway.FtpfolderwebApplication : 59 ] - Started FtpfolderwebApplication in 2.433 seconds (JVM running for 3.296)
2019-02-25 17:48:55.514 [ main ] - [ INFO  ] [ shenzhen.teamway.nettyTcp.NettyClient : 31 ] - 开始连接平台:192.168.12.35:6666
2019-02-25 17:48:55.727 [ nioEventLoopGroup-0-0 ] - [ INFO  ] [ shenzhen.teamway.nettyTcp.NettyClient : 43 ] - 连接通道建立。
2019-02-25 17:48:55.735 [ main ] - [ INFO  ] [ shenzhen.teamway.nettyTcp.NettyClient : 69 ] - 连接平台[192.168.12.35:6666]完成
2019-02-25 17:48:55.735 [ nioEventLoopGroup-0-1 ] - [ INFO  ] [ shenzhen.teamway.nettyTcp.ConnectionLinster : 36 ] - 连接成功
2019-02-25 17:51:16.502 [ main ] - [ INFO  ] [ shenzhen.teamway.FtpfolderwebApplication : 50 ] - Starting FtpfolderwebApplication on ZHAOHONGNING with PID 6552 (E:\ideafolder\ftpfolderweb\target\classes started by HUHU in E:\ideafolder\ftpfolderweb)
2019-02-25 17:51:16.505 [ main ] - [ DEBUG ] [ shenzhen.teamway.FtpfolderwebApplication : 53 ] - Running with Spring Boot v2.1.3.RELEASE, Spring v5.1.5.RELEASE
2019-02-25 17:51:16.506 [ main ] - [ INFO  ] [ shenzhen.teamway.FtpfolderwebApplication : 675 ] - No active profile set, falling back to default profiles: default
2019-02-25 17:51:22.315 [ main ] - [ DEBUG ] [ shenzhen.teamway.utils.PropertiesUtils : 40 ] - 读取属性文件，path/F:\aa
2019-02-25 17:51:23.076 [ main ] - [ INFO  ] [ shenzhen.teamway.FtpfolderwebApplication : 59 ] - Started FtpfolderwebApplication in 7.017 seconds (JVM running for 8.5)
2019-02-25 17:51:23.078 [ main ] - [ INFO  ] [ shenzhen.teamway.nettyTcp.NettyClient : 31 ] - 开始连接平台:192.168.12.35:6666
2019-02-25 17:51:23.243 [ nioEventLoopGroup-0-0 ] - [ INFO  ] [ shenzhen.teamway.nettyTcp.NettyClient : 43 ] - 连接通道建立。
2019-02-25 17:51:23.253 [ main ] - [ INFO  ] [ shenzhen.teamway.nettyTcp.NettyClient : 69 ] - 连接平台[192.168.12.35:6666]完成
2019-02-25 17:51:23.253 [ nioEventLoopGroup-0-0 ] - [ INFO  ] [ shenzhen.teamway.nettyTcp.ConnectionLinster : 36 ] - 连接成功
2019-02-25 17:51:56.169 [ main ] - [ INFO  ] [ shenzhen.teamway.FtpfolderwebApplication : 50 ] - Starting FtpfolderwebApplication on ZHAOHONGNING with PID 5072 (E:\ideafolder\ftpfolderweb\target\classes started by HUHU in E:\ideafolder\ftpfolderweb)
2019-02-25 17:51:56.172 [ main ] - [ DEBUG ] [ shenzhen.teamway.FtpfolderwebApplication : 53 ] - Running with Spring Boot v2.1.3.RELEASE, Spring v5.1.5.RELEASE
2019-02-25 17:51:56.173 [ main ] - [ INFO  ] [ shenzhen.teamway.FtpfolderwebApplication : 675 ] - No active profile set, falling back to default profiles: default
2019-02-25 17:51:57.647 [ main ] - [ DEBUG ] [ shenzhen.teamway.utils.PropertiesUtils : 40 ] - 读取属性文件，path/F:\aa
2019-02-25 17:51:58.379 [ main ] - [ INFO  ] [ shenzhen.teamway.FtpfolderwebApplication : 59 ] - Started FtpfolderwebApplication in 2.589 seconds (JVM running for 3.781)
2019-02-25 17:51:58.380 [ main ] - [ INFO  ] [ shenzhen.teamway.nettyTcp.NettyClient : 31 ] - 开始连接平台:192.168.12.35:6666
2019-02-25 17:51:58.541 [ nioEventLoopGroup-0-0 ] - [ INFO  ] [ shenzhen.teamway.nettyTcp.NettyClient : 43 ] - 连接通道建立。
2019-02-25 17:51:58.549 [ main ] - [ INFO  ] [ shenzhen.teamway.nettyTcp.NettyClient : 69 ] - 连接平台[192.168.12.35:6666]完成
2019-02-25 17:51:58.549 [ nioEventLoopGroup-0-0 ] - [ INFO  ] [ shenzhen.teamway.nettyTcp.ConnectionLinster : 36 ] - 连接成功
2019-02-25 17:52:57.294 [ main ] - [ INFO  ] [ shenzhen.teamway.FtpfolderwebApplication : 50 ] - Starting FtpfolderwebApplication on ZHAOHONGNING with PID 1192 (E:\ideafolder\ftpfolderweb\target\classes started by HUHU in E:\ideafolder\ftpfolderweb)
2019-02-25 17:52:57.298 [ main ] - [ DEBUG ] [ shenzhen.teamway.FtpfolderwebApplication : 53 ] - Running with Spring Boot v2.1.3.RELEASE, Spring v5.1.5.RELEASE
2019-02-25 17:52:57.298 [ main ] - [ INFO  ] [ shenzhen.teamway.FtpfolderwebApplication : 675 ] - No active profile set, falling back to default profiles: default
2019-02-25 17:52:58.721 [ main ] - [ DEBUG ] [ shenzhen.teamway.utils.PropertiesUtils : 40 ] - 读取属性文件，path/F:\aa
2019-02-25 17:52:59.346 [ main ] - [ INFO  ] [ shenzhen.teamway.FtpfolderwebApplication : 59 ] - Started FtpfolderwebApplication in 2.471 seconds (JVM running for 3.332)
2019-02-25 17:52:59.348 [ main ] - [ INFO  ] [ shenzhen.teamway.nettyTcp.NettyClient : 31 ] - 开始连接平台:192.168.12.35:6666
2019-02-25 17:52:59.516 [ nioEventLoopGroup-0-0 ] - [ INFO  ] [ shenzhen.teamway.nettyTcp.NettyClient : 43 ] - 连接通道建立。
2019-02-25 17:52:59.525 [ main ] - [ INFO  ] [ shenzhen.teamway.nettyTcp.NettyClient : 69 ] - 连接平台[192.168.12.35:6666]完成
2019-02-25 17:52:59.525 [ nioEventLoopGroup-0-0 ] - [ INFO  ] [ shenzhen.teamway.nettyTcp.ConnectionLinster : 36 ] - 连接成功
2019-02-25 17:52:59.526 [ nioEventLoopGroup-0-0 ] - [ DEBUG ] [ shenzhen.teamway.utils.PropertiesUtils : 40 ] - 读取属性文件，path/F:\aa
2019-02-25 17:53:35.041 [ main ] - [ INFO  ] [ shenzhen.teamway.FtpfolderwebApplication : 50 ] - Starting FtpfolderwebApplication on ZHAOHONGNING with PID 11824 (E:\ideafolder\ftpfolderweb\target\classes started by HUHU in E:\ideafolder\ftpfolderweb)
2019-02-25 17:53:35.044 [ main ] - [ DEBUG ] [ shenzhen.teamway.FtpfolderwebApplication : 53 ] - Running with Spring Boot v2.1.3.RELEASE, Spring v5.1.5.RELEASE
2019-02-25 17:53:35.045 [ main ] - [ INFO  ] [ shenzhen.teamway.FtpfolderwebApplication : 675 ] - No active profile set, falling back to default profiles: default
2019-02-25 17:53:36.503 [ main ] - [ DEBUG ] [ shenzhen.teamway.utils.PropertiesUtils : 40 ] - 读取属性文件，path/F:\aa
2019-02-25 17:53:37.236 [ main ] - [ INFO  ] [ shenzhen.teamway.FtpfolderwebApplication : 59 ] - Started FtpfolderwebApplication in 2.63 seconds (JVM running for 3.935)
2019-02-25 17:53:37.238 [ main ] - [ INFO  ] [ shenzhen.teamway.nettyTcp.NettyClient : 31 ] - 开始连接平台:192.168.12.35:6666
2019-02-25 17:53:37.416 [ nioEventLoopGroup-0-0 ] - [ INFO  ] [ shenzhen.teamway.nettyTcp.NettyClient : 43 ] - 连接通道建立。
2019-02-25 17:53:37.434 [ main ] - [ INFO  ] [ shenzhen.teamway.nettyTcp.NettyClient : 69 ] - 连接平台[192.168.12.35:6666]完成
2019-02-25 17:53:37.434 [ nioEventLoopGroup-0-0 ] - [ INFO  ] [ shenzhen.teamway.nettyTcp.ConnectionLinster : 36 ] - 连接成功
2019-02-25 17:53:47.210 [ nioEventLoopGroup-0-0 ] - [ DEBUG ] [ shenzhen.teamway.utils.PropertiesUtils : 40 ] - 读取属性文件，path/F:\aa
